[18:15:46] [ServerMain/INFO]: [bootstrap] Running Java 21 (OpenJDK 64-Bit Server VM 21.0.7+6-LTS; Eclipse Adoptium Temurin-21.0.7+6) on Windows 11 10.0 (amd64)
[18:15:46] [ServerMain/INFO]: [bootstrap] Loading Paper 1.21.4-232-ver/1.21.4@12d8fe0 (2025-06-09T10:15:42Z) for Minecraft 1.21.4
[18:15:47] [ServerMain/INFO]: [PluginInitializerManager] Initializing plugins...
[18:15:47] [Paper Plugin Remapper Thread - 2/INFO]: [PluginRemapper] Remapping plugin 'plugins\UtilityTools-1.0.0.jar'...
[18:15:47] [Paper Plugin Remapper Thread - 2/INFO]: [PluginRemapper] Done remapping plugin 'plugins\UtilityTools-1.0.0.jar' in 213ms.
[18:15:48] [ServerMain/INFO]: [FileProviderSource] The spark plugin will not be loaded as this server bundles the spark profiler.
[18:15:48] [ServerMain/INFO]: [PluginInitializerManager] Initialized 5 plugins
[18:15:48] [ServerMain/INFO]: [PluginInitializerManager] Bukkit plugins (5):
 - Chunky (1.4.40), Geyser-Spigot (2.10.1-SNAPSHOT), UtilityTools (1.0.0), ViaVersion (5.10.1-SNAPSHOT), floodgate (2.2.5-SNAPSHOT (b134-963ae91))
[18:15:51] [ServerMain/INFO]: Environment: Environment[sessionHost=https://sessionserver.mojang.com, servicesHost=https://api.minecraftservices.com, name=PROD]
[18:15:52] [ServerMain/INFO]: Loaded 1370 recipes
[18:15:52] [ServerMain/INFO]: Loaded 1481 advancements
[18:15:52] [ServerMain/INFO]: [MCTypeRegistry] Initialising converters for DataConverter...
[18:15:52] [ServerMain/INFO]: [MCTypeRegistry] Finished initialising converters for DataConverter in 161.9ms
[18:15:52] [Server thread/INFO]: Starting minecraft server version 1.21.4
[18:15:52] [Server thread/INFO]: Loading properties
[18:15:52] [Server thread/INFO]: This server is running Paper version 1.21.4-232-ver/1.21.4@12d8fe0 (2025-06-09T10:15:42Z) (Implementing API version 1.21.4-R0.1-SNAPSHOT)
[18:15:52] [Server thread/INFO]: [spark] This server bundles the spark profiler. For more information please visit https://docs.papermc.io/paper/profiling
[18:15:52] [Server thread/INFO]: Server Ping Player Sample Count: 12
[18:15:52] [Server thread/INFO]: Using 4 threads for Netty based IO
[18:15:53] [Server thread/INFO]: [MoonriseCommon] Paper is using 3 worker threads, 1 I/O threads
[18:15:53] [Server thread/INFO]: [ChunkTaskScheduler] Chunk system is using population gen parallelism: true
[18:15:53] [Server thread/INFO]: Default game type: SURVIVAL
[18:15:53] [Server thread/INFO]: Generating keypair
[18:15:53] [Server thread/INFO]: Starting Minecraft server on *:25565
[18:15:53] [Server thread/INFO]: Using default channel type
[18:15:53] [Server thread/INFO]: Paper: Using Java compression from Velocity.
[18:15:53] [Server thread/INFO]: Paper: Using Java cipher from Velocity.
[18:15:54] [Server thread/INFO]: [floodgate] Loading server plugin floodgate v2.2.5-SNAPSHOT (b134-963ae91)
[18:15:54] [Server thread/INFO]: [floodgate] Took 597ms to boot Floodgate
[18:15:54] [Server thread/INFO]: [ViaVersion] Loading server plugin ViaVersion v5.10.1-SNAPSHOT
[18:15:54] [Server thread/INFO]: [ViaVersion] ViaVersion 5.10.1-SNAPSHOT is now loaded. Registering protocol transformers and injecting...
[18:15:55] [Via-Mappingloader-1/INFO]: [ViaVersion] Loading block connection mappings ...
[18:15:55] [Server thread/INFO]: [UtilityTools] Loading server plugin UtilityTools v1.0.0
[18:15:55] [Server thread/INFO]: [Geyser-Spigot] Loading server plugin Geyser-Spigot v2.10.1-SNAPSHOT
[18:15:55] [Server thread/INFO]: [Geyser-Spigot] Loading extensions...
[18:15:55] [Server thread/INFO]: [Geyser-Spigot] Enabled extension EmoteOffhand
[18:15:55] [Server thread/INFO]: [Geyser-Spigot] Loaded 1 extension(s)
[18:15:55] [Server thread/INFO]: [Chunky] Loading server plugin Chunky v1.4.40
[18:15:55] [Server thread/INFO]: Server permissions file permissions.yml is empty, ignoring it
[18:15:55] [Server thread/WARN]: **** SERVER IS RUNNING IN OFFLINE/INSECURE MODE!
[18:15:55] [Server thread/WARN]: The server will make no attempt to authenticate usernames. Beware.
[18:15:55] [Server thread/WARN]: While this makes the game possible to play without internet access, it also opens up the ability for hackers to connect with any username they choose.
[18:15:55] [Server thread/WARN]: To change this, set "online-mode" to "true" in the server.properties file.
[18:15:55] [Server thread/INFO]: Preparing level "world"
[18:15:56] [Server thread/INFO]: Preparing start region for dimension minecraft:overworld
[18:15:56] [Server thread/INFO]: Preparing spawn area: 0%
[18:15:56] [Server thread/INFO]: Preparing spawn area: 34%
[18:15:56] [Server thread/INFO]: Time elapsed: 626 ms
[18:15:56] [Server thread/INFO]: Preparing start region for dimension minecraft:the_nether
[18:15:56] [Server thread/INFO]: Preparing spawn area: 0%
[18:15:56] [Server thread/INFO]: Time elapsed: 71 ms
[18:15:56] [Server thread/INFO]: Preparing start region for dimension minecraft:the_end
[18:15:56] [Server thread/INFO]: Preparing spawn area: 0%
[18:15:56] [Server thread/INFO]: Time elapsed: 47 ms
[18:15:56] [Server thread/INFO]: [floodgate] Enabling floodgate v2.2.5-SNAPSHOT (b134-963ae91)
[18:15:57] [Server thread/INFO]: [ViaVersion] Enabling ViaVersion v5.10.1-SNAPSHOT
[18:15:57] [Server thread/INFO]: [ViaVersion] ViaVersion detected server version: 1.21.4 (769)
[18:15:57] [Server thread/INFO]: [UtilityTools] Enabling UtilityTools v1.0.0
[18:15:57] [Server thread/INFO]: [UtilityTools] ===========================================
[18:15:57] [Server thread/INFO]: [UtilityTools]  UtilityTools Plugin da khoi dong!
[18:15:57] [Server thread/INFO]: [UtilityTools]  TreeCapitator: HOAT DONG
[18:15:57] [Server thread/INFO]: [UtilityTools]  OreVeinMiner: HOAT DONG
[18:15:57] [Server thread/INFO]: [UtilityTools]  Hammer 3x3: HOAT DONG
[18:15:57] [Server thread/INFO]: [UtilityTools]  TorchLight (Duoc Sang): HOAT DONG
[18:15:57] [Server thread/INFO]: [UtilityTools]  KingMC Features (Economy, Shop, Spawners): HOAT DONG
[18:15:57] [Server thread/INFO]: [UtilityTools] ===========================================
[18:15:57] [Server thread/INFO]: [Geyser-Spigot] Enabling Geyser-Spigot v2.10.1-SNAPSHOT
[18:15:58] [Server thread/INFO]: [Chunky] Enabling Chunky v1.4.40
[18:15:58] [Server thread/INFO]: [spark] Starting background profiler...
[18:15:58] [Server thread/INFO]: [spark] The async-profiler engine is not supported for your os/arch (windows11/amd64), so the built-in Java engine will be used instead.
[18:15:58] [Server thread/INFO]: [Geyser-Spigot] ******************************************
[18:15:58] [Server thread/INFO]: [Geyser-Spigot] 
[18:15:58] [Server thread/INFO]: [Geyser-Spigot] Loading Geyser version 2.10.1-b1172 (git-master-4b27e6f)
[18:15:58] [Server thread/INFO]: [Geyser-Spigot] 
[18:15:58] [Server thread/INFO]: [Geyser-Spigot] ******************************************
[18:16:01] [GeyserServer-3-1/INFO]: [Geyser-Spigot] Started Geyser on UDP port 19132
[18:16:01] [Server thread/INFO]: [Geyser-Spigot] [emoteoffhand] Loaded EmoteOffhand!
[18:16:01] [Server thread/INFO]: [Geyser-Spigot] Done (2.272s)! Run /geyser help for help!
[18:16:01] [Server thread/INFO]: Done preparing level "world" (5.448s)
[18:16:01] [Server thread/INFO]: Running delayed init tasks
[18:16:01] [Server thread/INFO]: Done (15.423s)! For help, type "help"
[18:16:01] [Craft Scheduler Thread - 2 - ViaVersion/INFO]: [ViaVersion] Finished mapping loading, shutting down loader executor.
[18:16:01] [Server thread/INFO]: [ViaVersion] You are running a development version of the plugin, please report any bugs to GitHub.
[18:16:12] [User Authenticator #0/INFO]: UUID of player trdung2007 is f2f18c50-dd1f-39a1-8d16-29ac615977d5
[18:16:12] [Server thread/INFO]: trdung2007 joined the game
[18:16:12] [Server thread/INFO]: trdung2007[/127.0.0.1:62011] logged in with entity id 8 at ([world]-323.0037449475244, 69.0, 418.67598073168614)
[18:16:38] [Server thread/INFO]: trdung2007 issued server command: /raid
[18:16:38] [Server thread/INFO]: =================================
[18:16:38] [Server thread/INFO]: ⚠ CẢNH BÁO: CUỘC ĐỘT KÍCH ĐÃ BẮT ĐẦU ⚠
[18:16:38] [Server thread/INFO]: Một nhóm 5 Quỷ Vương đã xuất hiện tại:
[18:16:38] [Server thread/INFO]: X: -332, Y: 69, Z: 414
[18:16:38] [Server thread/INFO]: Tham gia tiêu diệt để nhận phần thưởng khổng lồ!
[18:16:38] [Server thread/INFO]: =================================
[18:18:39] [Server thread/INFO]: ⚔ Một Boss Raid đã bị tiêu diệt! Còn lại: 4 Boss
[18:18:39] [Server thread/INFO]: Named entity Skeleton['☠ Quỷ Vương Xương ☠ [ 4/100 ❤ ]'/330, uuid='e1e80df6-e2f9-4e2f-8861-b063bde17a39', l='ServerLevel[world]', x=-345.35, y=59.00, z=396.09, cpos=[-22, 24], tl=2428, v=true] died: ☠ Quỷ Vương Xương ☠ [ 4/100 ❤ ] was blown up by trdung2007 using [Chùy Quỷ Dữ]
[18:18:42] [Server thread/INFO]: ⚔ Một Boss Raid đã bị tiêu diệt! Còn lại: 3 Boss
[18:18:42] [Server thread/INFO]: Named entity Skeleton['☠ Quỷ Vương Xương ☠ [ 1/100 ❤ ]'/328, uuid='075e9460-5d36-46ca-b0f9-6588cb5d8565', l='ServerLevel[world]', x=-345.17, y=59.00, z=397.40, cpos=[-22, 24], tl=2482, v=true] died: ☠ Quỷ Vương Xương ☠ [ 1/100 ❤ ] was slain by ☠ Quỷ Vương Zombie ☠ [ 88/200 ❤ ] using [Chùy Quỷ Dữ]
[18:19:24] [Server thread/INFO]: ⚔ Một Boss Raid đã bị tiêu diệt! Còn lại: 2 Boss
[18:19:24] [Server thread/INFO]: Named entity Zombie['☠ Quỷ Vương Zombie ☠ [ 6/200 ❤ ]'/326, uuid='535f6f78-8c8e-4d47-a831-62b119321a5e', l='ServerLevel[world]', x=-347.90, y=59.90, z=391.06, cpos=[-22, 24], tl=3323, v=true] died: ☠ Quỷ Vương Zombie ☠ [ 6/200 ❤ ] was blown up by trdung2007 using [Chùy Quỷ Dữ]
[18:19:44] [Server thread/INFO]: trdung2007 issued server command: /shop
[18:20:17] [Server thread/INFO]: ⚔ Một Boss Raid đã bị tiêu diệt! Còn lại: 1 Boss
[18:20:17] [Server thread/INFO]: Named entity Zombie['☠ Quỷ Vương Zombie ☠ [ 2/200 ❤ ]'/327, uuid='8047a6fe-8cef-4c50-88e5-590c9f06d0cc', l='ServerLevel[world]', x=-348.40, y=58.00, z=394.14, cpos=[-22, 24], tl=4380, v=true] died: ☠ Quỷ Vương Zombie ☠ [ 2/200 ❤ ] was blown up by trdung2007 using [Chùy Quỷ Dữ]
[18:20:30] [Server thread/INFO]: ⚔ Một Boss Raid đã bị tiêu diệt! Còn lại: 0 Boss
[18:20:30] [Server thread/INFO]: =================================
[18:20:30] [Server thread/INFO]: 🎉 CUỘC ĐỘT KÍCH ĐÃ BỊ ĐẨY LÙI 🎉
[18:20:30] [Server thread/INFO]: Cả 5 Quỷ Vương đã bị tiêu diệt!
[18:20:30] [Server thread/INFO]: =================================
[18:20:30] [Server thread/INFO]: Named entity Zombie['☠ Quỷ Vương Zombie ☠ [ 3/200 ❤ ]'/329, uuid='5609f5c6-dd57-4bd1-bcea-765b9ba0f695', l='ServerLevel[world]', x=-348.40, y=58.00, z=395.17, cpos=[-22, 24], tl=4635, v=true] died: ☠ Quỷ Vương Zombie ☠ [ 3/200 ❤ ] was blown up by trdung2007 using [Chùy Quỷ Dữ]
[18:21:15] [Server thread/INFO]: Named entity Skeleton['☠ Quỷ Vương Xương ☠ [ 100/100 ❤ ]'/1456, uuid='45d54121-562b-46c6-975e-3353409eeb7d', l='ServerLevel[world]', x=-425.50, y=-18.00, z=507.50, cpos=[-27, 31], tl=3, v=true] died: ☠ Quỷ Vương Xương ☠ [ 100/100 ❤ ] died
[18:21:58] [Server thread/INFO]: Named entity Zombie['☠ Quỷ Vương Zombie ☠ [ 200/200 ❤ ]'/1886, uuid='77ea5871-e083-4cf4-88f9-ae9f1bdef0ef', l='ServerLevel[world]', x=-196.60, y=13.00, z=451.50, cpos=[-13, 28], tl=3, v=true] died: ☠ Quỷ Vương Zombie ☠ [ 200/200 ❤ ] died
[18:22:49] [Server thread/INFO]: Named entity Skeleton['☠ Quỷ Vương Xương ☠ [ 100/100 ❤ ]'/2132, uuid='893e23a5-6356-4bf7-8e44-ace31f8a2120', l='ServerLevel[world]', x=-163.50, y=31.00, z=575.40, cpos=[-11, 35], tl=3, v=true] died: ☠ Quỷ Vương Xương ☠ [ 100/100 ❤ ] died
[18:24:01] [Server thread/INFO]: Named entity Zombie['☠ Quỷ Vương Zombie ☠ [ 200/200 ❤ ]'/2792, uuid='fcbbe421-c1b1-4b00-8774-fa571bd6ee02', l='ServerLevel[world]', x=80.40, y=30.00, z=711.60, cpos=[5, 44], tl=3, v=true] died: ☠ Quỷ Vương Zombie ☠ [ 200/200 ❤ ] died
[18:24:01] [Server thread/INFO]: Named entity Zombie['☠ Quỷ Vương Zombie ☠ [ 200/200 ❤ ]'/2796, uuid='4e1698e3-95be-41f3-be3d-4c71280b6939', l='ServerLevel[world]', x=80.40, y=30.00, z=711.60, cpos=[5, 44], tl=2, v=true] died: ☠ Quỷ Vương Zombie ☠ [ 200/200 ❤ ] died
[18:24:01] [Server thread/INFO]: Named entity Skeleton['☠ Quỷ Vương Xương ☠ [ 100/100 ❤ ]'/2797, uuid='f3a8ee02-01f4-4639-a097-6f9222e7f32f', l='ServerLevel[world]', x=80.40, y=30.00, z=711.60, cpos=[5, 44], tl=2, v=true] died: ☠ Quỷ Vương Xương ☠ [ 100/100 ❤ ] died
[18:24:02] [Server thread/INFO]: Named entity Zombie['☠ Quỷ Vương Zombie ☠ [ 200/200 ❤ ]'/2834, uuid='d3b7fd6b-a7f0-450f-998c-f02a339ea426', l='ServerLevel[world]', x=159.40, y=54.00, z=705.40, cpos=[9, 44], tl=3, v=true] died: ☠ Quỷ Vương Zombie ☠ [ 200/200 ❤ ] died
[18:24:02] [Server thread/INFO]: Named entity Zombie['☠ Quỷ Vương Zombie ☠ [ 200/200 ❤ ]'/2836, uuid='e60ed2bb-d36a-4d99-bd5f-a5a83d6d9197', l='ServerLevel[world]', x=159.40, y=54.00, z=705.40, cpos=[9, 44], tl=2, v=true] died: ☠ Quỷ Vương Zombie ☠ [ 200/200 ❤ ] died
[18:24:31] [Server thread/INFO]: trdung2007 issued server command: /raid
[18:24:31] [Server thread/INFO]: =================================
[18:24:31] [Server thread/INFO]: ⚠ CẢNH BÁO: CUỘC ĐỘT KÍCH ĐÃ BẮT ĐẦU ⚠
[18:24:31] [Server thread/INFO]: Một nhóm 5 Quỷ Vương đã xuất hiện tại:
[18:24:31] [Server thread/INFO]: X: 69, Y: 85, Z: 810
[18:24:31] [Server thread/INFO]: Tham gia tiêu diệt để nhận phần thưởng khổng lồ!
[18:24:31] [Server thread/INFO]: =================================
[18:24:31] [Server thread/INFO]: ⚔ Một Boss Raid đã bị tiêu diệt! Còn lại: 4 Boss
[18:24:31] [Server thread/INFO]: Named entity Zombie['☠ Quỷ Vương Zombie ☠ [ 200/200 ❤ ]'/3032, uuid='6c629c29-68c4-4b02-b7fc-e794a5c1b0f0', l='ServerLevel[world]', x=75.88, y=86.00, z=807.41, cpos=[4, 50], tl=1, v=true] died: ☠ Quỷ Vương Zombie ☠ [ 200/200 ❤ ] died
[18:24:36] [Server thread/INFO]: Named entity Zombie['☠ Quỷ Vương Zombie ☠ [ 200/200 ❤ ]'/3101, uuid='0161445f-6ad8-4ad5-8f3a-fe48ddb8bb58', l='ServerLevel[world]', x=-20.60, y=46.00, z=849.40, cpos=[-2, 53], tl=3, v=true] died: ☠ Quỷ Vương Zombie ☠ [ 200/200 ❤ ] died
[18:25:57] [Server thread/INFO]: trdung2007 lost connection: Disconnected
[18:25:57] [Server thread/INFO]: trdung2007 left the game
[18:29:45] [User Authenticator #1/INFO]: UUID of player trdung2007 is f2f18c50-dd1f-39a1-8d16-29ac615977d5
[18:29:45] [Server thread/INFO]: trdung2007 joined the game
[18:29:45] [Server thread/INFO]: trdung2007[/127.0.0.1:49500] logged in with entity id 3457 at ([world]8.344640796948738, 65.0, 792.0396751046715)
[18:29:47] [Server thread/INFO]: trdung2007 was blown up by ☠ Quỷ Vương Xương ☠ [ 53/100 ❤ ] using [Cung Hủy Diệt]
[18:30:00] [Server thread/INFO]: trdung2007 lost connection: Disconnected
[18:30:00] [Server thread/INFO]: trdung2007 left the game
[18:46:10] [Server thread/INFO]: Stopping the server
[18:46:10] [Server thread/INFO]: Stopping server
[18:46:10] [Server thread/INFO]: [Chunky] Disabling Chunky v1.4.40
[18:46:10] [Server thread/INFO]: [Geyser-Spigot] Disabling Geyser-Spigot v2.10.1-SNAPSHOT
[18:46:10] [Server thread/INFO]: [Geyser-Spigot] Shutting down Geyser.
[18:46:10] [Server thread/INFO]: [Geyser-Spigot] Disabled extension EmoteOffhand
[18:46:10] [Server thread/INFO]: [Geyser-Spigot] Geyser shutdown successfully.
[18:46:10] [Server thread/INFO]: [UtilityTools] Disabling UtilityTools v1.0.0
[18:46:10] [Server thread/INFO]: [UtilityTools] UtilityTools Plugin da tat.
[18:46:10] [Server thread/INFO]: [ViaVersion] Disabling ViaVersion v5.10.1-SNAPSHOT
[18:46:10] [Server thread/INFO]: [ViaVersion] ViaVersion has been disabled; uninjected the platform and shut down the scheduler.
[18:46:10] [Server thread/INFO]: [floodgate] Disabling floodgate v2.2.5-SNAPSHOT (b134-963ae91)
[18:46:10] [Server thread/INFO]: Saving players
[18:46:10] [Server thread/INFO]: Saving worlds
[18:46:10] [Server thread/INFO]: Saving chunks for level 'ServerLevel[world]'/minecraft:overworld
[18:46:10] [Server thread/INFO]: [ChunkHolderManager] Waiting 60s for chunk system to halt for world 'world'
[18:46:10] [Server thread/INFO]: [ChunkHolderManager] Halted chunk system for world 'world'
[18:46:10] [Server thread/INFO]: [ChunkHolderManager] Saving all chunkholders for world 'world'
[18:46:10] [Server thread/INFO]: [ChunkHolderManager] Saved 1 block chunks, 65 entity chunks, 0 poi chunks in world 'world' in 0.04s
[18:46:10] [Server thread/INFO]: [ChunkHolderManager] Waiting 60s for chunk I/O to halt for world 'world'
[18:46:10] [Server thread/INFO]: [ChunkHolderManager] Halted I/O scheduler for world 'world'
[18:46:10] [Server thread/INFO]: Saving chunks for level 'ServerLevel[world_nether]'/minecraft:the_nether
[18:46:10] [WebSocketConnectReadThread-163/INFO]: [Geyser-Spigot] The skin uploader has been closed
[18:46:10] [Server thread/INFO]: [ChunkHolderManager] Waiting 60s for chunk system to halt for world 'world_nether'
[18:46:10] [Server thread/INFO]: [ChunkHolderManager] Halted chunk system for world 'world_nether'
[18:46:10] [Server thread/INFO]: [ChunkHolderManager] Saving all chunkholders for world 'world_nether'
[18:46:10] [Server thread/INFO]: [ChunkHolderManager] Saved 0 block chunks, 0 entity chunks, 0 poi chunks in world 'world_nether' in 0.01s
[18:46:10] [Server thread/INFO]: [ChunkHolderManager] Waiting 60s for chunk I/O to halt for world 'world_nether'
[18:46:10] [Server thread/INFO]: [ChunkHolderManager] Halted I/O scheduler for world 'world_nether'
[18:46:10] [Server thread/INFO]: Saving chunks for level 'ServerLevel[world_the_end]'/minecraft:the_end
[18:46:10] [Server thread/INFO]: [ChunkHolderManager] Waiting 60s for chunk system to halt for world 'world_the_end'
[18:46:10] [Server thread/INFO]: [ChunkHolderManager] Halted chunk system for world 'world_the_end'
[18:46:10] [Server thread/INFO]: [ChunkHolderManager] Saving all chunkholders for world 'world_the_end'
[18:46:10] [Server thread/INFO]: [ChunkHolderManager] Saved 0 block chunks, 0 entity chunks, 0 poi chunks in world 'world_the_end' in 0.02s
[18:46:10] [Server thread/INFO]: [ChunkHolderManager] Waiting 60s for chunk I/O to halt for world 'world_the_end'
[18:46:10] [Server thread/INFO]: [ChunkHolderManager] Halted I/O scheduler for world 'world_the_end'
[18:46:10] [Server thread/INFO]: ThreadedAnvilChunkStorage (world): All chunks are saved
[18:46:10] [Server thread/INFO]: ThreadedAnvilChunkStorage (DIM-1): All chunks are saved
[18:46:10] [Server thread/INFO]: ThreadedAnvilChunkStorage (DIM1): All chunks are saved
[18:46:10] [Server thread/INFO]: ThreadedAnvilChunkStorage: All dimensions are saved
[18:46:10] [Server thread/INFO]: Waiting for I/O tasks to complete...
[18:46:10] [Server thread/INFO]: All I/O tasks to complete
[18:46:10] [Server thread/INFO]: [MoonriseCommon] Awaiting termination of worker pool for up to 60s...
[18:46:10] [Server thread/INFO]: [MoonriseCommon] Awaiting termination of I/O pool for up to 60s...
